2025-04-10 11:02:52 INFO  - Saved: positionId=сборщик корпусов металлических судов, courseId=Безопасные методы и приемы выполнения работ
2025-04-10 11:02:52 INFO  - Saved: positionId=сборщик корпусов металлических судов, courseId=Пожарно-технический минимум
2025-04-10 11:02:52 INFO  - Saved: positionId=сборщик корпусов металлических судов, courseId=Оказание первой помощи пострадавшему на производстве
2025-04-10 11:02:52 INFO  - Saved: positionId=сборщик корпусов металлических судов, courseId=Нормы и правила работы в электроустановках (2 группа по электробезопасности до 1000 В)
2025-04-10 11:02:52 INFO  - Saved: positionId=сборщик корпусов металлических судов, courseId=Правила по охране труда при работе с инструментом и приспособлениями
2025-04-10 11:02:52 INFO  - Saved: positionId=сборщик корпусов металлических судов, courseId=Газовая резка
2025-04-10 11:02:52 INFO  - Saved: positionId=электросварщик на автоматических и полуавтоматических машинах, courseId=Безопасные методы и приемы выполнения работ
2025-04-10 11:02:52 INFO  - Saved: positionId=электросварщик на автоматических и полуавтоматических машинах, courseId=Пожарно-технический минимум
2025-04-10 11:02:52 INFO  - Saved: positionId=электросварщик на автоматических и полуавтоматических машинах, courseId=Оказание первой помощи пострадавшему на производстве
2025-04-10 11:02:52 INFO  - Saved: positionId=электросварщик на автоматических и полуавтоматических машинах, courseId=Нормы и правила работы в электроустановках (2 группа по электробезопасности до 1000 В)
2025-04-10 11:02:52 INFO  - Saved: positionId=электросварщик на автоматических и полуавтоматических машинах, courseId=Правила по охране труда при работе с инструментом и приспособлениями
2025-04-10 11:02:52 INFO  - Saved: positionId=электросварщик на автоматических и полуавтоматических машинах, courseId=Правила по охране труда при выполнении электросварочных и газосварочных работ
2025-04-10 11:02:52 INFO  - Saved: positionId=рубщик судовой, courseId=Безопасные методы и приемы выполнения работ
2025-04-10 11:02:52 INFO  - Saved: positionId=рубщик судовой, courseId=Оказание первой помощи пострадавшему на производстве
2025-04-10 11:02:52 INFO  - Saved: positionId=рубщик судовой, courseId=Правила по охране труда при работе с инструментом и приспособлениями
2025-04-10 11:02:52 INFO  - Saved: positionId=рубщик судовой, courseId=Нормы и правила работы в электроустановках (2 группа по электробезопасности до 1000 В)
2025-04-10 11:02:52 INFO  - Saved: positionId=рубщик судовой, courseId=Пожарно-технический минимум
2025-04-10 11:02:52 INFO  - Saved: positionId=рубщик судовой, courseId=Правила по охране труда при выполнении электросварочных и газосварочных работ
2025-04-10 11:02:52 INFO  - Saved: positionId=рубщик судовой, courseId=Газовая резка
2025-04-10 11:02:52 INFO  - Saved: positionId=гибщик судовой, courseId=Правила по охране труда при обработке металлов
2025-04-10 11:02:52 INFO  - Saved: positionId=гибщик судовой, courseId=Безопасные методы и приемы выполнения работ
2025-04-10 11:02:52 INFO  - Saved: positionId=гибщик судовой, courseId=Работа на гильотинных ножницах, прессах механических, вальцах
2025-04-10 11:02:53 INFO  - Saved: positionId=гибщик судовой, courseId=Оказание первой помощи пострадавшему на производстве
2025-04-10 11:02:53 INFO  - Saved: positionId=разметчик судовой, courseId=Безопасные методы и приемы выполнения работ
2025-04-10 11:02:53 INFO  - Saved: positionId=разметчик судовой, courseId=Оказание первой помощи пострадавшему на производстве
2025-04-10 11:02:53 INFO  - Saved: positionId=правильщик на машинах, courseId=Нормы и правила работы в электроустановках (2 группа по электробезопасности до 1000 В)
2025-04-10 11:02:53 INFO  - Saved: positionId=правильщик на машинах, courseId=Безопасные методы и приемы выполнения работ
2025-04-10 11:02:53 INFO  - Saved: positionId=правильщик на машинах, courseId=Оказание первой помощи пострадавшему на производстве
2025-04-10 11:02:53 INFO  - Saved: positionId=маляр, courseId=Управление параметрами специальных технологических процессов окрашивания судов
2025-04-10 11:02:53 INFO  - Saved: positionId=маляр, courseId=Правила по охране труда при выполнении окрасочных работ
2025-04-10 11:02:53 INFO  - Saved: positionId=маляр, courseId=Нормы и правила работы в электроустановках (2 группа по электробезопасности до 1000 В)
2025-04-10 11:02:53 INFO  - Saved: positionId=маляр, courseId=Правила по охране труда при обработке металлов
2025-04-10 11:02:53 INFO  - Saved: positionId=маляр, courseId=Оказание первой помощи пострадавшему на производстве
2025-04-10 11:02:53 INFO  - Saved: positionId=маляр, courseId=Безопасные методы и приемы выполнения работ
2025-04-10 11:02:53 INFO  - Saved: positionId=маляр, courseId=Пожарно-технический минимум
2025-04-10 11:02:53 INFO  - Saved: positionId=оператор поста управления, courseId=Нормы и правила работы в электроустановках (2 группа по электробезопасности до 1000 В)
2025-04-10 11:02:53 INFO  - Saved: positionId=оператор поста управления, courseId=Оказание первой помощи пострадавшему на производстве
2025-04-10 11:02:53 INFO  - Saved: positionId=оператор поста управления, courseId=Рабочий, управляющий краном с пола (пульта)
2025-04-10 11:02:53 INFO  - Saved: positionId=оператор поста управления, courseId=Безопасные методы и приемы выполнения работ
2025-04-10 11:02:53 INFO  - Saved: positionId=оператор поста управления, courseId=Правила по охране труда при погрузочно-разгрузочных работах и размещении грузов
2025-04-10 11:02:53 INFO  - Saved: positionId=машинист крана (крановщик), courseId=Машинист мостового и козлового крана
2025-04-10 11:02:53 INFO  - Saved: positionId=машинист крана (крановщик), courseId=Нормы и правила работы в электроустановках (2 группа по электробезопасности до 1000 В)
2025-04-10 11:02:53 INFO  - Saved: positionId=машинист крана (крановщик), courseId=Правила по охране труда при погрузочно-разгрузочных работах и размещении грузов
2025-04-10 11:02:53 INFO  - Saved: positionId=машинист крана (крановщик), courseId=Безопасные методы и приемы выполнения работ с учетом вредных и опасных производственных факторов, определенных при СОУТ и ОПР (группа Б)
2025-04-10 11:02:53 INFO  - Saved: positionId=машинист крана (крановщик), courseId=Оказание первой помощи пострадавшему на производстве
2025-04-10 11:02:53 INFO  - Saved: positionId=распределитель работ, courseId=Безопасные методы и приемы выполнения работ с учетом вредных и опасных производственных факторов, определенных при СОУТ и ОПР (группа Б)
2025-04-10 11:02:53 INFO  - Saved: positionId=распределитель работ, courseId=Оказание первой помощи пострадавшему на производстве
2025-04-10 11:02:53 INFO  - Saved: positionId=стропальщик, courseId=Безопасные методы и приемы выполнения работ с учетом вредных и опасных производственных факторов, определенных при СОУТ и ОПР (группа Б)
2025-04-10 11:02:53 INFO  - Saved: positionId=стропальщик, courseId=Оказание первой помощи пострадавшему на производстве
2025-04-10 11:02:53 INFO  - Saved: positionId=стропальщик, courseId=Правила по охране труда при погрузочно-разгрузочных работах и размещении грузов
2025-04-10 11:02:53 INFO  - Saved: positionId=стропальщик, courseId=Стропальщик
2025-04-10 11:02:53 INFO  - Saved: positionId=комплектовщик изделий и инструмента, courseId=Безопасные методы и приемы выполнения работ с учетом вредных и опасных производственных факторов, определенных при СОУТ и ОПР (группа Б)
2025-04-10 11:02:53 INFO  - Saved: positionId=комплектовщик изделий и инструмента, courseId=Оказание первой помощи пострадавшему на производстве
2025-04-10 11:02:53 INFO  - Saved: positionId=кладовщик, courseId=Безопасные методы и приемы выполнения работ
2025-04-10 11:02:53 INFO  - Saved: positionId=кладовщик, courseId=Оказание первой помощи пострадавшему на производстве
2025-04-10 11:02:53 INFO  - Saved: positionId=транспортировщик, courseId=Безопасные методы и приемы выполнения работ
2025-04-10 11:02:53 INFO  - Saved: positionId=транспортировщик, courseId=Оказание первой помощи пострадавшему на производстве
2025-04-10 11:02:53 INFO  - Saved: positionId=транспортировщик, courseId=Транспортировка газовых баллонов
2025-04-10 11:02:53 INFO  - Saved: positionId=водитель погрузчика, courseId=Нормы и правила работы в электроустановках (2 группа по электробезопасности до 1000 В)
2025-04-10 11:02:53 INFO  - Saved: positionId=водитель погрузчика, courseId=Безопасные методы и приемы выполнения работ
2025-04-10 11:02:53 INFO  - Saved: positionId=водитель погрузчика, courseId=Оказание первой помощи пострадавшему на производстве
2025-04-10 11:02:53 INFO  - Saved: positionId=водитель погрузчика, courseId=Правила по охране труда при погрузочно-разгрузочных работах и размещении грузов
2025-04-10 11:02:53 INFO  - Saved: positionId=водитель погрузчика, courseId=Правила по охране труда при эксплуатации промышленного транспорта
2025-04-10 11:02:53 INFO  - Saved: positionId=подсобный рабочий, courseId=Безопасные методы и приемы выполнения работ
2025-04-10 11:02:53 INFO  - Saved: positionId=подсобный рабочий, courseId=Оказание первой помощи пострадавшему на производстве
2025-04-10 11:02:53 INFO  - Saved: positionId=архивариус, courseId=Безопасные методы и приемы выполнения работ с учетом вредных и опасных производственных факторов, определенных при СОУТ и ОПР (группа Б)
2025-04-10 11:02:53 INFO  - Saved: positionId=ведущий инженер по организации труда, courseId=Безопасные методы и приемы выполнения работ с учетом вредных и опасных производственных факторов, определенных при СОУТ и ОПР (группа Б)
2025-04-10 11:02:53 INFO  - Saved: positionId=ведущий инженер по подготовке производства, courseId=Безопасные методы и приемы выполнения работ с учетом вредных и опасных производственных факторов, определенных при СОУТ и ОПР (группа Б)
2025-04-10 11:02:53 INFO  - Saved: positionId=инженер по подготовке производства, courseId=Безопасные методы и приемы выполнения работ с учетом вредных и опасных производственных факторов, определенных при СОУТ и ОПР (группа Б)
2025-04-10 11:02:53 INFO  - Saved: positionId=инженер-технолог, courseId=Безопасные методы и приемы выполнения работ с учетом вредных и опасных производственных факторов, определенных при СОУТ и ОПР (группа Б)
2025-04-10 11:02:53 INFO  - Saved: positionId=начальник бюро, courseId=Безопасные методы и приемы выполнения работ с учетом вредных и опасных производственных факторов, определенных при СОУТ и ОПР (группа Б)
2025-04-10 11:02:53 INFO  - Saved: positionId=специалист по кадрам, courseId=Безопасные методы и приемы выполнения работ с учетом вредных и опасных производственных факторов, определенных при СОУТ и ОПР (группа Б)
2025-04-10 11:02:53 INFO  - Saved: positionId=старший архивариус, courseId=Безопасные методы и приемы выполнения работ с учетом вредных и опасных производственных факторов, определенных при СОУТ и ОПР (группа Б)
2025-04-10 11:02:53 INFO  - Saved: positionId=старший специалист по кадрам, courseId=Безопасные методы и приемы выполнения работ с учетом вредных и опасных производственных факторов, определенных при СОУТ и ОПР (группа Б)
2025-04-10 11:02:53 INFO  - Saved: positionId=старший диспетчер, courseId=Безопасные методы и приемы выполнения работ с учетом вредных и опасных производственных факторов, определенных при СОУТ и ОПР (группа Б)
2025-04-10 11:02:53 INFO  - Saved: positionId=старший диспетчер, courseId=Общие требования промышленной безопасности (А.1)
2025-04-10 11:02:53 INFO  - Saved: positionId=старший диспетчер, courseId=Аттестация руководителей и специалистов организаций, эксплуатирующих ОПО, на которых используются подъёмные сооружения, предназначенные для подъёма и перемещения грузов (Б.9.3)
2025-04-10 11:02:53 INFO  - Saved: positionId=старший диспетчер, courseId=Правила по охране труда при работе на высоте - 3 группа (аттестация)
2025-04-10 11:02:53 INFO  - Saved: positionId=старший диспетчер, courseId=Транспортировка газовых баллонов
2025-04-10 11:02:53 INFO  - Saved: positionId=старший мастер участка, courseId=Безопасные методы и приемы выполнения работ с учетом вредных и опасных производственных факторов, определенных при СОУТ и ОПР (группа Б)
2025-04-10 11:02:53 INFO  - Saved: positionId=старший мастер участка, courseId=Оказание первой помощи пострадавшему на производстве
2025-04-10 11:02:53 INFO  - Saved: positionId=старший мастер участка, courseId=Общие требования промышленной безопасности (А.1)
2025-04-10 11:02:53 INFO  - Saved: positionId=старший мастер участка, courseId=Аттестация руководителей и специалистов организаций, эксплуатирующих ОПО, на которых используются подъёмные сооружения, предназначенные для подъёма и перемещения грузов (Б.9.3)
2025-04-10 11:02:53 INFO  - Saved: positionId=старший мастер участка, courseId=Ответственный за эксплуатацию газовой аппаратуры и за техническое обслуживание и ремонт газовой аппаратуры
2025-04-10 11:02:53 INFO  - Saved: positionId=старший мастер участка, courseId=Нормы и правила работы в электроустановках (3 группа по электробезопасности до 1000 В)
2025-04-10 11:02:53 INFO  - Saved: positionId=старший мастер участка, courseId=Обучение мерам пожарной безопасности ответственных должностных лиц, занимающих должности главных специалистов технического и производственного профиля, должностных лиц, исполняющих их обязанности, на объектах защиты, предназначенных для проживания или временного пребывания 50 и более человек одновременно, объектов защиты, отнесенных к категориям повышенной взрывопожароопасности, пожароопасности
2025-04-10 11:02:53 INFO  - Saved: positionId=старший мастер участка, courseId=Аттестация руководителей и специалистов организаций, эксплуатирующих сосуды, работающие под давлением (Б.8.23)
2025-04-10 11:02:53 INFO  - Saved: positionId=мастер участка, courseId=Безопасные методы и приемы выполнения работ с учетом вредных и опасных производственных факторов, определенных при СОУТ и ОПР (группа Б)
2025-04-10 11:02:53 INFO  - Saved: positionId=мастер участка, courseId=Оказание первой помощи пострадавшему на производстве
2025-04-10 11:02:53 INFO  - Saved: positionId=мастер участка, courseId=Общие требования промышленной безопасности (А.1)
2025-04-10 11:02:53 INFO  - Saved: positionId=мастер участка, courseId=Аттестация руководителей и специалистов организаций, эксплуатирующих ОПО, на которых используются подъёмные сооружения, предназначенные для подъёма и перемещения грузов (Б.9.3)
2025-04-10 11:02:53 INFO  - Saved: positionId=мастер участка, courseId=Ответственный за эксплуатацию газовой аппаратуры и за техническое обслуживание и ремонт газовой аппаратуры
2025-04-10 11:02:53 INFO  - Saved: positionId=мастер участка, courseId=Нормы и правила работы в электроустановках (3 группа по электробезопасности до 1000 В)
2025-04-10 11:02:53 INFO  - Saved: positionId=мастер участка, courseId=Обучение мерам пожарной безопасности ответственных должностных лиц, занимающих должности главных специалистов технического и производственного профиля, должностных лиц, исполняющих их обязанности, на объектах защиты, предназначенных для проживания или временного пребывания 50 и более человек одновременно, объектов защиты, отнесенных к категориям повышенной взрывопожароопасности, пожароопасности
2025-04-10 11:02:54 INFO  - Saved: positionId=мастер участка, courseId=Аттестация руководителей и специалистов организаций, эксплуатирующих сосуды, работающие под давлением (Б.8.23)
2025-04-10 11:02:54 INFO  - Saved: positionId=начальник участка, courseId=Аттестация руководителей и специалистов организаций, ответственных за обеспечение безопасности при эксплуатации систем газораспределения и газопотребления Б.7.1.
2025-04-10 11:02:54 INFO  - Saved: positionId=начальник участка, courseId=Аттестация руководителей и специалистов организаций, эксплуатирующих сосуды, работающие под давлением (Б.8.3)
2025-04-10 11:02:54 INFO  - Saved: positionId=начальник участка, courseId=Аттестация специалистов организаций, эксплуатирующих ОПО, на которых используются подъемные сооружения, используемые для подъема и перемещения грузов (Б.9.31)
2025-04-10 11:02:54 INFO  - Saved: positionId=начальник участка, courseId=Безопасные методы и приемы выполнения работ с учетом вредных и опасных производственных факторов, определенных при СОУТ и ОПР (группа Б)
2025-04-10 11:02:54 INFO  - Saved: positionId=начальник участка, courseId=Нормы и правила работы в электроустановках (3 группа по электробезопасности до 1000 В)
2025-04-10 11:02:54 INFO  - Saved: positionId=начальник участка, courseId=Обучение мерам пожарной безопасности ответственных должностных лиц, занимающих должности главных специалистов технического и производственного профиля, должностных лиц, исполняющих их обязанности, на объектах защиты, предназначенных для проживания или временного пребывания 50 и более человек одновременно, объектов защиты, отнесенных к категориям повышенной взрывопожароопасности, пожароопасности
2025-04-10 11:02:54 INFO  - Saved: positionId=начальник участка, courseId=Общие требования промышленной безопасности (А.1)
2025-04-10 11:02:54 INFO  - Saved: positionId=начальник участка, courseId=Организация и проведение обучения по использованию (применению) средств индивидуальной защиты
2025-04-10 11:02:54 INFO  - Saved: positionId=начальник участка, courseId=Правила по охране труда при выполнении окрасочных работ
2025-04-10 11:02:54 INFO  - Saved: positionId=начальник участка, courseId=Правила по охране труда при выполнении электросварочных и газосварочных работ
2025-04-10 11:02:54 INFO  - Saved: positionId=начальник участка, courseId=Правила по охране труда при обработке металлов
2025-04-10 11:02:54 INFO  - Saved: positionId=начальник участка, courseId=Правила по охране труда при погрузочно-разгрузочных работах и размещении грузов
2025-04-10 11:02:54 INFO  - Saved: positionId=начальник участка, courseId=Правила по охране труда при работе в ограниченных и замкнутых пространствах 2 группа (аттестация)
2025-04-10 11:02:54 INFO  - Saved: positionId=начальник участка, courseId=Правила по охране труда при работе в ограниченных и замкнутых пространствах 3 группа (аттестация)
2025-04-10 11:02:54 INFO  - Saved: positionId=начальник участка, courseId=Правила по охране труда при работе с инструментом и приспособлениями
2025-04-10 11:02:54 INFO  - Saved: positionId=начальник участка, courseId=Правила по охране труда при размещении, монтаже, техническом обслуживании и ремонте технологического оборудования
2025-04-10 11:02:54 INFO  - Saved: positionId=начальник участка, courseId=Правила по охране труда при эксплуатации промышленного транспорта
2025-04-10 11:02:54 INFO  - Saved: positionId=заместитель начальника цеха, courseId=Аттестация руководителей и специалистов организаций, ответственных за обеспечение безопасности при эксплуатации систем газораспределения и газопотребления Б.7.1.
2025-04-10 11:02:54 INFO  - Saved: positionId=заместитель начальника цеха, courseId=Аттестация руководителей и специалистов организаций, эксплуатирующих ОПО, на которых используются подъёмные сооружения, предназначенные для подъёма и перемещения грузов (Б.9.3)
2025-04-10 11:02:54 INFO  - Saved: positionId=заместитель начальника цеха, courseId=Аттестация руководителей и специалистов организаций, эксплуатирующих сосуды, работающие под давлением (Б.8.3)
2025-04-10 11:02:54 INFO  - Saved: positionId=заместитель начальника цеха, courseId=Безопасные методы и приемы выполнения работ с учетом вредных и опасных производственных факторов, определенных при СОУТ и ОПР (группа Б)
2025-04-10 11:02:54 INFO  - Saved: positionId=заместитель начальника цеха, courseId=Нормы и правила работы в электроустановках (3 группа по электробезопасности до 1000 В)
2025-04-10 11:02:54 INFO  - Saved: positionId=заместитель начальника цеха, courseId=Обеспечение пожарной безопасности на взрывопожароопасных объектах и объектах с массовым пребыванием людей для ответственных должностных лиц
2025-04-10 11:02:54 INFO  - Saved: positionId=заместитель начальника цеха, courseId=Общие вопросы охраны труда и функционирования системы управления охраной труда (группа А)
2025-04-10 11:02:54 INFO  - Saved: positionId=заместитель начальника цеха, courseId=Общие требования промышленной безопасности (А.1)
2025-04-10 11:02:54 INFO  - Saved: positionId=заместитель начальника цеха, courseId=Оказание первой помощи пострадавшему на производстве
2025-04-10 11:02:54 INFO  - Saved: positionId=заместитель начальника цеха, courseId=Правила по охране труда при работе на высоте - 3 группа (аттестация)
2025-04-10 11:02:54 INFO  - Saved: positionId=начальник цеха, courseId=Общие вопросы охраны труда и функционирования системы управления охраной труда (группа А)
2025-04-10 11:02:54 INFO  - Saved: positionId=начальник цеха, courseId=Безопасные методы и приемы выполнения работ с учетом вредных и опасных производственных факторов, определенных при СОУТ и ОПР (группа Б)
2025-04-10 11:02:54 INFO  - Saved: positionId=начальник цеха, courseId=Нормы и правила работы в электроустановках (3 группа по электробезопасности до 1000 В)
2025-04-10 11:02:54 INFO  - Saved: positionId=начальник цеха, courseId=Аттестация руководителей и специалистов организаций, ответственных за обеспечение безопасности при эксплуатации систем газораспределения и газопотребления Б.7.1.
2025-04-10 11:02:54 INFO  - Saved: positionId=начальник цеха, courseId=Правила по охране труда при работе на высоте - 3 группа (аттестация)
2025-04-10 11:02:54 INFO  - Saved: positionId=начальник цеха, courseId=Аттестация руководителей и специалистов организаций, эксплуатирующих сосуды, работающие под давлением (Б.8.3)
2025-04-10 11:02:54 INFO  - Saved: positionId=начальник цеха, courseId=Аттестация руководителей и специалистов организаций, эксплуатирующих ОПО, на которых используются подъёмные сооружения, предназначенные для подъёма и перемещения грузов (Б.9.3)
2025-04-10 11:02:54 INFO  - Saved: positionId=начальник цеха, courseId=Обучение мерам пожарной безопасности ответственных должностных лиц, занимающих должности главных специалистов технического и производственного профиля, должностных лиц, исполняющих их обязанности, на объектах защиты, предназначенных для проживания или временного пребывания 50 и более человек одновременно, объектов защиты, отнесенных к категориям повышенной взрывопожароопасности, пожароопасности
2025-04-10 11:02:54 INFO  - Saved: positionId=начальник цеха, courseId=Общие требования промышленной безопасности (А.1)
2025-04-10 11:02:54 INFO  - Saved: positionId=начальник цеха, courseId=Организация и проведение обучения по использованию (применению) средств индивидуальной защиты
2025-04-10 11:02:54 INFO  - Saved: positionId=начальник цеха, courseId=Оказание первой помощи пострадавшему на производстве
